<?xml version="1.0" encoding="UTF-8"?>
<testsuite xmlns:xsi="http://www.w3.org/2001/XMLSchema-instance" xsi:noNamespaceSchemaLocation="https://maven.apache.org/surefire/maven-surefire-plugin/xsd/surefire-test-report.xsd" name="dns.RunCucumberTest" time="579.907" tests="16" errors="0" skipped="0" failures="0">
  <properties>
[...]
</properties>
  <testcase name="Просмотр разделов категории Бытовая техника" classname="dns.RunCucumberTest" time="17.44"/>
  <testcase name="Просмотр разделов категории Холодильное оборудование" classname="dns.RunCucumberTest" time="15.137"/>
  <testcase name="Просмотр страницы с товаром раздела Электрические плиты" classname="dns.RunCucumberTest" time="17.188"/>
  <testcase name="Отображение ссылки Бытовая техника" classname="dns.RunCucumberTest" time="14.309"/>
  <testcase name="Отображение текста Техника для кухни" classname="dns.RunCucumberTest" time="17.698"/>
  <testcase name="Отображение ссылки Собери свою кухню" classname="dns.RunCucumberTest" time="15.465"/>
  <testcase name="Отображение категорий Техника для кухни" classname="dns.RunCucumberTest" time="23.03"/>
  <testcase name="Просмотр страницы выбранного Ноутбука #1" classname="dns.RunCucumberTest" time="57.003"/>
  <testcase name="Просмотр страницы выбранного Ноутбука #2" classname="dns.RunCucumberTest" time="58.543"/>
  <testcase name="Просмотр страницы выбранного Ноутбука #3" classname="dns.RunCucumberTest" time="45.242"/>
  <testcase name="Просмотр страницы выбранного Ноутбука #4" classname="dns.RunCucumberTest" time="47.831"/>
  <testcase name="Просмотр страницы выбранного Ноутбука #5" classname="dns.RunCucumberTest" time="54.154"/>
  <testcase name="Просмотр страницы выбранного Ноутбука #6" classname="dns.RunCucumberTest" time="48.692"/>
  <testcase name="Просмотр страницы выбранного Ноутбука #7" classname="dns.RunCucumberTest" time="46.345"/>
  <testcase name="Просмотр страницы выбранного Ноутбука #8" classname="dns.RunCucumberTest" time="53.282"/>
  <testcase name="Просмотр страницы выбранного Ноутбука #9" classname="dns.RunCucumberTest" time="48.335"/>
</testsuite>